[SubmitApp | ERROR] Assignment not found: /home/hduser/IUI-server/lecture/IUI/tmp/student_home/ps1
[FetchApp | INFO] Source: /tmp/exchange/example_course/outbound/ps1
[FetchApp | INFO] Destination: /home/hduser/IUI-server/lecture/IUI/tmp/student_home/ps1
[FetchApp | INFO] Fetched as: example_course ps1
[SubmitApp | INFO] Source: /home/hduser/IUI-server/lecture/IUI/tmp/student_home/ps1
[SubmitApp | INFO] Destination: /tmp/exchange/example_course/inbound/hduser+ps1+2017-05-11 16:50:03 UTC
[SubmitApp | INFO] Submitted as: example_course ps1 2017-05-11 16:50:03 UTC
[SubmitApp | INFO] Source: /home/hduser/IUI-server/lecture/IUI/tmp/student_home/ps1
[SubmitApp | INFO] Destination: /tmp/exchange/example_course/inbound/hduser+ps1+2017-05-11 16:53:06 UTC
[SubmitApp | INFO] Submitted as: example_course ps1 2017-05-11 16:53:06 UTC
[SubmitApp | INFO] Source: /home/hduser/IUI-server/lecture/IUI/tmp/student_home/ps1
[SubmitApp | INFO] Destination: /tmp/exchange/example_course/inbound/hduser+ps1+2017-05-11 16:57:21 UTC
[SubmitApp | WARNING] Possible missing notebooks and/or extra notebooks submitted for assignment ps1:
    Expected:
    	problem1.ipynb: FOUND
    	problem2.ipynb: FOUND
    Submitted:
    	.ipynb_checkpoints/problem1-checkpoint.ipynb: EXTRA
    	problem1.ipynb: OK
    	problem2.ipynb: OK
[SubmitApp | INFO] Submitted as: example_course ps1 2017-05-11 16:57:21 UTC
[AutogradeApp | ERROR] An assignment id must be specified, either as an argument or with --assignment
[AutogradeApp | ERROR] No notebooks were matched by '/home/hduser/IUI-server/lecture/IUI/tmp/student_home/submitted/*/ps1'
[SubmitApp | INFO] Source: /home/hduser/IUI-server/lecture/IUI/tmp/student_home/ps1
[SubmitApp | INFO] Destination: /tmp/exchange/example_course/inbound/hduser+ps1+2017-05-11 17:21:34 UTC
[SubmitApp | WARNING] Possible missing notebooks and/or extra notebooks submitted for assignment ps1:
    Expected:
    	problem1.ipynb: FOUND
    	problem2.ipynb: FOUND
    Submitted:
    	.ipynb_checkpoints/problem1-checkpoint.ipynb: EXTRA
    	problem1.ipynb: OK
    	problem2.ipynb: OK
[SubmitApp | INFO] Submitted as: example_course ps1 2017-05-11 17:21:34 UTC
